<?xml version="1.0" encoding="UTF-8"?>
<testsuite xmlns:xsi="http://www.w3.org/2001/XMLSchema-instance" xsi:noNamespaceSchemaLocation="https://maven.apache.org/surefire/maven-surefire-plugin/xsd/surefire-test-report.xsd" version="3.0.2" name="com.ailearning.LearningApiTest" time="11.587" tests="5" errors="0" skipped="0" failures="0">
  <properties>
[...]
</properties>
  <testcase name="rejectsQuestionGenerationWhenSearchHasNoResults" classname="com.ailearning.LearningApiTest" time="1.923">
    <system-out><![CDATA[Standard Commons Logging discovery in action with spring-jcl: please remove commons-logging.jar from classpath in order to avoid potential conflicts
15:50:58.314 [main] INFO org.springframework.test.context.support.AnnotationConfigContextLoaderUtils -- Could not detect default configuration classes for test class [com.ailearning.LearningApiTest]: LearningApiTest does not declare any static, non-private, non-final, nested classes annotated with @Configuration.
15:50:58.538 [main] INFO org.springframework.boot.test.context.SpringBootTestContextBootstrapper -- Found @SpringBootConfiguration com.ailearning.AiLearningApplication for test class com.ailearning.LearningApiTest

  .   ____          _            __ _ _
 /\\ / ___'_ __ _ _(_)_ __  __ _ \ \ \ \
( ( )\___ | '_ | '_| | '_ \/ _` | \ \ \ \
 \\/  ___)| |_)| | | | | || (_| |  ) ) ) )
  '  |____| .__|_| |_|_| |_\__, | / / / /
 =========|_|==============|___/=/_/_/_/

 :: Spring Boot ::                (v3.5.9)

2026-06-20T15:50:59.468+08:00  INFO 13644 --- [           main] com.ailearning.LearningApiTest           : Starting LearningApiTest using Java 17.0.7 with PID 13644 (started by 1 in D:\AI-coding\ai-learning\backend)
2026-06-20T15:50:59.470+08:00  INFO 13644 --- [           main] com.ailearning.LearningApiTest           : The following 1 profile is active: "test"
 _ _   |_  _ _|_. ___ _ |    _ 
| | |\/|_)(_| | |_\  |_)||_|_\ 
     /               |         
                        3.5.16 
2026-06-20T15:51:03.545+08:00  INFO 13644 --- [           main] com.zaxxer.hikari.HikariDataSource       : HikariPool-1 - Starting...
2026-06-20T15:51:03.908+08:00  INFO 13644 --- [           main] com.zaxxer.hikari.pool.HikariPool        : HikariPool-1 - Added connection conn0: url=jdbc:h2:mem:ai_learning user=SA
2026-06-20T15:51:03.911+08:00  INFO 13644 --- [           main] com.zaxxer.hikari.HikariDataSource       : HikariPool-1 - Start completed.
2026-06-20T15:51:07.086+08:00  INFO 13644 --- [           main] m.e.s.MybatisPlusApplicationContextAware : Register ApplicationContext instances org.springframework.web.context.support.GenericWebApplicationContext@6a0cbc6f
2026-06-20T15:51:07.275+08:00  INFO 13644 --- [           main] o.s.b.t.m.w.SpringBootMockServletContext : Initializing Spring TestDispatcherServlet ''
2026-06-20T15:51:07.275+08:00  INFO 13644 --- [           main] o.s.t.web.servlet.TestDispatcherServlet  : Initializing Servlet ''
2026-06-20T15:51:07.277+08:00  INFO 13644 --- [           main] o.s.t.web.servlet.TestDispatcherServlet  : Completed initialization in 1 ms
2026-06-20T15:51:07.443+08:00  INFO 13644 --- [           main] com.ailearning.LearningApiTest           : Started LearningApiTest in 8.651 seconds (process running for 10.667)
]]></system-out>
  </testcase>
  <testcase name="completesLearningFlow" classname="com.ailearning.LearningApiTest" time="0.153"/>
  <testcase name="searchesWebForNewKnowledgeAndReusesGeneratedQuestions" classname="com.ailearning.LearningApiTest" time="0.035"/>
  <testcase name="uploadsMaterialAndUsesRagBeforeWebSearch" classname="com.ailearning.LearningApiTest" time="0.035"/>
  <testcase name="createSessionRejectsBlankText" classname="com.ailearning.LearningApiTest" time="0.008"/>
</testsuite>