<?xml version="1.0" encoding="UTF-8"?>
<testsuite xmlns:xsi="http://www.w3.org/2001/XMLSchema-instance" xsi:noNamespaceSchemaLocation="https://maven.apache.org/surefire/maven-surefire-plugin/xsd/surefire-test-report.xsd" version="3.0.2" name="com.ailearning.ArchitectureTest" time="5.949" tests="8" errors="0" skipped="0" failures="0">
  <properties>
[...]
</properties>
  <testcase name="layered_dependencies" classname="ArchitectureTest" time="5.603">
    <system-out><![CDATA[2026-06-21T16:19:48.448+08:00  INFO 24460 --- [           main] com.tngtech.archunit.core.PluginLoader   : Detected Java version 17.0.7
]]></system-out>
  </testcase>
  <testcase name="domain_should_not_depend_on_application_or_infrastructure_packages" classname="ArchitectureTest" time="0.013"/>
  <testcase name="mapper_should_not_depend_on_upper_layers" classname="ArchitectureTest" time="0.002"/>
  <testcase name="service_should_not_depend_on_controller" classname="ArchitectureTest" time="0.008"/>
  <testcase name="rest_controllers_should_be_in_controller_package" classname="ArchitectureTest" time="0.031"/>
  <testcase name="services_should_be_in_service_package" classname="ArchitectureTest" time="0.0"/>
  <testcase name="mappers_should_be_interfaces_and_named_mapper" classname="ArchitectureTest" time="0.005"/>
  <testcase name="top_level_packages_should_not_have_cycles" classname="ArchitectureTest" time="0.284"/>
</testsuite>